--------------------------------------------------------------------------------
Release 13.4 Trace  (nt64)
Copyright (c) 1995-2011 Xilinx, Inc.  All rights reserved.

C:\Xilinx\13.4\ISE_DS\ISE\bin\nt64\unwrapped\trce.exe -intstyle ise -v 3 -s 4
-n 3 -fastpaths -xml TopMod.twx TopMod.ncd -o TopMod.twr TopMod.pcf -ucf
TopMod.ucf

Design file:              TopMod.ncd
Physical constraint file: TopMod.pcf
Device,package,speed:     xc3s500e,fg320,-4 (PRODUCTION 1.27 2012-01-07)
Report level:             verbose report

Environment Variable      Effect 
--------------------      ------ 
NONE                      No environment variables were set
--------------------------------------------------------------------------------

INFO:Timing:2698 - No timing constraints found, doing default enumeration.
INFO:Timing:3412 - To improve timing, see the Timing Closure User Guide (UG612).
INFO:Timing:2752 - To get complete path coverage, use the unconstrained paths 
   option. All paths that are not constrained will be reported in the 
   unconstrained paths section(s) of the report.
INFO:Timing:3339 - The clock-to-out numbers in this timing report are based on 
   a 50 Ohm transmission line loading model.  For the details of this model, 
   and for more information on accounting for different loading conditions, 
   please see the device datasheet.
INFO:Timing:3390 - This architecture does not support a default System Jitter 
   value, please add SYSTEM_JITTER constraint to the UCF to modify the Clock 
   Uncertainty calculation.
INFO:Timing:3389 - This architecture does not support 'Discrete Jitter' and 
   'Phase Error' calculations, these terms will be zero in the Clock 
   Uncertainty calculation.  Please make appropriate modification to 
   SYSTEM_JITTER to account for the unsupported Discrete Jitter and Phase 
   Error.



Data Sheet report:
-----------------
All values displayed in nanoseconds (ns)

Setup/Hold to clock clk
------------+------------+------------+------------------+--------+
            |Max Setup to|Max Hold to |                  | Clock  |
Source      | clk (edge) | clk (edge) |Internal Clock(s) | Phase  |
------------+------------+------------+------------------+--------+
MemDB<0>    |    4.669(R)|   -0.795(R)|clk_BUFGP         |   0.000|
MemDB<1>    |    4.674(R)|   -0.801(R)|clk_BUFGP         |   0.000|
------------+------------+------------+------------------+--------+

Clock clk to Pad
------------+------------+------------------+--------+
            | clk (edge) |                  | Clock  |
Destination |   to PAD   |Internal Clock(s) | Phase  |
------------+------------+------------------+--------+
MemDB<0>    |    8.740(R)|clk_BUFGP         |   0.000|
MemDB<1>    |    8.489(R)|clk_BUFGP         |   0.000|
MemDB<2>    |    8.234(R)|clk_BUFGP         |   0.000|
MemDB<3>    |    7.933(R)|clk_BUFGP         |   0.000|
MemDB<4>    |    8.008(R)|clk_BUFGP         |   0.000|
MemDB<5>    |    8.264(R)|clk_BUFGP         |   0.000|
MemDB<6>    |    8.051(R)|clk_BUFGP         |   0.000|
MemDB<7>    |    8.771(R)|clk_BUFGP         |   0.000|
MemDB<8>    |    8.490(R)|clk_BUFGP         |   0.000|
MemDB<9>    |    8.238(R)|clk_BUFGP         |   0.000|
MemDB<10>   |    7.980(R)|clk_BUFGP         |   0.000|
MemDB<11>   |    7.668(R)|clk_BUFGP         |   0.000|
MemDB<12>   |    8.493(R)|clk_BUFGP         |   0.000|
MemDB<13>   |    8.299(R)|clk_BUFGP         |   0.000|
MemDB<14>   |    8.050(R)|clk_BUFGP         |   0.000|
MemDB<15>   |    9.021(R)|clk_BUFGP         |   0.000|
MemOE       |    8.119(R)|clk_BUFGP         |   0.000|
MemWE       |    8.328(R)|clk_BUFGP         |   0.000|
RamCE       |    8.795(R)|clk_BUFGP         |   0.000|
nout<0>     |   16.275(R)|clk_BUFGP         |   0.000|
------------+------------+------------------+--------+

Clock to Setup on destination clock clk
---------------+---------+---------+---------+---------+
               | Src:Rise| Src:Fall| Src:Rise| Src:Fall|
Source Clock   |Dest:Rise|Dest:Rise|Dest:Fall|Dest:Fall|
---------------+---------+---------+---------+---------+
clk            |    6.802|         |         |         |
---------------+---------+---------+---------+---------+

Pad to Pad
---------------+---------------+---------+
Source Pad     |Destination Pad|  Delay  |
---------------+---------------+---------+
nin<0>         |nout<0>        |   16.415|
---------------+---------------+---------+


Analysis completed Sat Oct 20 20:59:15 2012 
--------------------------------------------------------------------------------

Trace Settings:
-------------------------
Trace Settings 

Peak Memory Usage: 169 MB



